<?xml version="1.0" encoding="UTF-8"?>
<testng-results ignored="0" total="2" passed="2" failed="0" skipped="0">
  <reporter-output>
  </reporter-output>
  <suite started-at="2021-11-15T00:38:22 MSK" name="Smoke" finished-at="2021-11-15T00:40:35 MSK" duration-ms="132536">
    <groups>
    </groups>
    <test started-at="2021-11-15T00:38:22 MSK" name="GoogleCloudTest" finished-at="2021-11-15T00:40:35 MSK" duration-ms="132536">
      <class name="Hardcore.test.GoogleCloudTest">
        <test-method is-config="true" signature="browserSetup()[pri:0, instance:Hardcore.test.GoogleCloudTest@409c54f]" started-at="2021-11-15T00:38:22 MSK" name="browserSetup" finished-at="2021-11-15T00:38:52 MSK" duration-ms="29206" status="PASS">
          <reporter-output>
          </reporter-output>
        </test-method> <!-- browserSetup -->
        <test-method signature="fillInEstimationForm()[pri:0, instance:Hardcore.test.GoogleCloudTest@409c54f]" started-at="2021-11-15T00:38:52 MSK" name="fillInEstimationForm" description="Fill in estimation form" finished-at="2021-11-15T00:39:40 MSK" duration-ms="48725" status="PASS">
          <reporter-output>
          </reporter-output>
        </test-method> <!-- fillInEstimationForm -->
        <test-method signature="checkTotalCost()[pri:0, instance:Hardcore.test.GoogleCloudTest@409c54f]" started-at="2021-11-15T00:39:40 MSK" name="checkTotalCost" description="Check Email total cost against calculated total cost" finished-at="2021-11-15T00:40:30 MSK" depends-on-methods="Hardcore.test.GoogleCloudTest.fillInEstimationForm" duration-ms="49656" status="PASS">
          <reporter-output>
          </reporter-output>
        </test-method> <!-- checkTotalCost -->
        <test-method is-config="true" signature="browserExit()[pri:0, instance:Hardcore.test.GoogleCloudTest@409c54f]" started-at="2021-11-15T00:40:30 MSK" name="browserExit" finished-at="2021-11-15T00:40:35 MSK" duration-ms="4871" status="PASS">
          <reporter-output>
          </reporter-output>
        </test-method> <!-- browserExit -->
      </class> <!-- Hardcore.test.GoogleCloudTest -->
    </test> <!-- GoogleCloudTest -->
  </suite> <!-- Smoke -->
</testng-results>
